<?xml version="1.0" encoding="UTF-8"?>
<TestRun id="8fffbcf4-23fa-4301-b745-2d3661192bad" name="JT@ESEL 2012-04-08 14:26:48" runUser="ESEL\JT" xmlns="http://microsoft.com/schemas/VisualStudio/TeamTest/2010">
  <TestSettings name="Local" id="916057f4-91c0-43c6-9199-cb7faaee8a8c">
    <Description>These are default test settings for a local test run.</Description>
    <Deployment enabled="false" runDeploymentRoot="JT_ESEL 2012-04-08 14_26_48">
      <DeploymentItem filename="c:\source\fiddle\blast\Blast\Blast\bin\Debug\Blast.dll" />
    </Deployment>
    <Execution>
      <TestTypeSpecific />
      <AgentRule name="Execution Agents">
      </AgentRule>
    </Execution>
  </TestSettings>
  <Times creation="2012-04-08T14:26:48.3549643+10:00" queuing="2012-04-08T14:26:50.8977688+10:00" start="2012-04-08T14:26:51.0537690+10:00" finish="2012-04-08T15:02:01.6028297+10:00" />
  <ResultSummary outcome="Error">
    <Counters total="1" executed="1" error="0" failed="0" timeout="0" aborted="1" inconclusive="0" passedButRunAborted="0" notRunnable="0" notExecuted="0" disconnected="0" warning="0" passed="0" completed="0" inProgress="0" pending="0" />
    <RunInfos>
      <RunInfo computerName="ESEL" outcome="Error" timestamp="2012-04-08T15:02:01.6028297+10:00">
        <Text>Test host process exited unexpectedly.</Text>
      </RunInfo>
    </RunInfos>
  </ResultSummary>
  <TestDefinitions>
    <UnitTest name="TestMethod1" storage="c:\source\fiddle\blast\blast\blasttest\bin\debug\blasttest.dll" id="5ff077dc-6a89-b06b-c597-43fe8e411303">
      <Execution id="1d5595f0-32e9-46b7-8187-67625437a009" />
      <TestMethod codeBase="c:/source/fiddle/blast/Blast/BlastTest/bin/Debug/BlastTest.DLL" adapterTypeName="Microsoft.VisualStudio.TestTools.TestTypes.Unit.UnitTestAdapter, Microsoft.VisualStudio.QualityTools.Tips.UnitTest.Adapter, Version=10.0.0.0, Culture=neutral, PublicKeyToken=b03f5f7f11d50a3a" className="BlastTest.BlastTest, BlastTest, Version=1.0.0.0, Culture=neutral, PublicKeyToken=null" name="TestMethod1" />
    </UnitTest>
  </TestDefinitions>
  <TestLists>
    <TestList name="Results Not in a List" id="8c84fa94-04c1-424b-9868-57a2d4851a1d" />
    <TestList name="All Loaded Results" id="19431567-8539-422a-85d7-44ee4e166bda" />
  </TestLists>
  <TestEntries>
    <TestEntry testId="5ff077dc-6a89-b06b-c597-43fe8e411303" executionId="1d5595f0-32e9-46b7-8187-67625437a009" testListId="8c84fa94-04c1-424b-9868-57a2d4851a1d" />
  </TestEntries>
  <Results>
    <UnitTestResult executionId="1d5595f0-32e9-46b7-8187-67625437a009" testId="5ff077dc-6a89-b06b-c597-43fe8e411303" testName="TestMethod1" computerName="ESEL" duration="00:35:10.4086604" startTime="2012-04-08T14:26:51.1941693+10:00" endTime="2012-04-08T15:02:01.6028297+10:00" testType="13cdc9d9-ddb5-4fa4-a97d-d965ccfc6d4b" outcome="Aborted" testListId="8c84fa94-04c1-424b-9868-57a2d4851a1d" relativeResultsDirectory="1d5595f0-32e9-46b7-8187-67625437a009">
    </UnitTestResult>
  </Results>
</TestRun>